<?xml version="1.0" encoding="UTF-8"?>
<testsuite name="com.algaworks.algasensors.device.management.TSIDTest" tests="1" skipped="0" failures="0" errors="0" timestamp="2025-06-01T21:22:57.402Z" hostname="MacBook-Pro-do-Junior.local" time="0.031">
  <properties/>
  <testcase name="shouldGenerateTSID()" classname="com.algaworks.algasensors.device.management.TSIDTest" time="0.031"/>
  <system-out><![CDATA[]]></system-out>
  <system-err><![CDATA[]]></system-err>
</testsuite>
